[ 2016-07-31T00:04:27+08:00 ] 127.0.0.1 /study/
INFO: [ app_init ] --START--
INFO: Run Behavior\BuildLiteBehavior [ RunTime:0.000040s ]
INFO: [ app_init ] --END-- [ RunTime:0.000740s ]
INFO: [ app_begin ] --START--
INFO: Run Behavior\ReadHtmlCacheBehavior [ RunTime:0.000957s ]
INFO: [ app_begin ] --END-- [ RunTime:0.001137s ]
SQL: SHOW COLUMNS FROM `teen` [ RunTime:0.0151s ]
SQL: SELECT * FROM `teen`  [ RunTime:0.0003s ]
INFO: [ view_parse ] --START--
INFO: [ template_filter ] --START--
INFO: Run Behavior\ContentReplaceBehavior [ RunTime:0.000092s ]
INFO: [ template_filter ] --END-- [ RunTime:0.000195s ]
INFO: Run Behavior\ParseTemplateBehavior [ RunTime:0.095850s ]
INFO: [ view_parse ] --END-- [ RunTime:0.095984s ]
INFO: [ view_filter ] --START--
INFO: Run Behavior\WriteHtmlCacheBehavior [ RunTime:0.006004s ]
INFO: [ view_filter ] --END-- [ RunTime:0.006120s ]
INFO: [ app_end ] --START--
INFO: Run Behavior\ShowPageTraceBehavior [ RunTime:0.007254s ]
INFO: [ app_end ] --END-- [ RunTime:0.007359s ]

[ 2016-07-31T00:04:29+08:00 ] 127.0.0.1 /study/index.php/Home/Index/view
INFO: [ app_init ] --START--
INFO: Run Behavior\BuildLiteBehavior [ RunTime:0.000023s ]
INFO: [ app_init ] --END-- [ RunTime:0.000422s ]
INFO: [ app_begin ] --START--
INFO: Run Behavior\ReadHtmlCacheBehavior [ RunTime:0.000510s ]
INFO: [ app_begin ] --END-- [ RunTime:0.000654s ]
NOTIC: [8] Undefined index: id E:\wamp\www\study\Application\Home\Controller\IndexController.class.php 第 20 行.
INFO: [ view_parse ] --START--
INFO: [ template_filter ] --START--
INFO: Run Behavior\ContentReplaceBehavior [ RunTime:0.000073s ]
INFO: [ template_filter ] --END-- [ RunTime:0.000185s ]
NOTIC: [8] Undefined variable: a E:\wamp\www\study\Application\Runtime\Cache\Home\b00b578e409e5059177fbcc00091a48e.php 第 16 行.
NOTIC: [8] Undefined variable: a E:\wamp\www\study\Application\Runtime\Cache\Home\b00b578e409e5059177fbcc00091a48e.php 第 17 行.
NOTIC: [8] Undefined variable: a E:\wamp\www\study\Application\Runtime\Cache\Home\b00b578e409e5059177fbcc00091a48e.php 第 19 行.
INFO: Run Behavior\ParseTemplateBehavior [ RunTime:0.013422s ]
INFO: [ view_parse ] --END-- [ RunTime:0.013520s ]
INFO: [ view_filter ] --START--
INFO: Run Behavior\WriteHtmlCacheBehavior [ RunTime:0.000421s ]
INFO: [ view_filter ] --END-- [ RunTime:0.000525s ]
INFO: [ app_end ] --START--
INFO: Run Behavior\ShowPageTraceBehavior [ RunTime:0.000625s ]
INFO: [ app_end ] --END-- [ RunTime:0.000726s ]

[ 2016-07-31T00:04:44+08:00 ] 127.0.0.1 /study/index.php/Home/Index/save
INFO: [ app_init ] --START--
INFO: Run Behavior\BuildLiteBehavior [ RunTime:0.000031s ]
INFO: [ app_init ] --END-- [ RunTime:0.000552s ]
INFO: [ app_begin ] --START--
INFO: Run Behavior\ReadHtmlCacheBehavior [ RunTime:0.000653s ]
INFO: [ app_begin ] --END-- [ RunTime:0.000801s ]
SQL: SHOW COLUMNS FROM `teen` [ RunTime:0.0171s ]
NOTIC: [8] Undefined index: validate E:\wamp\www\study\ThinkPHP\Library\Think\Model.class.php 第 1185 行.
NOTIC: [8] Undefined index: auto E:\wamp\www\study\ThinkPHP\Library\Think\Model.class.php 第 1128 行.
SQL: INSERT INTO `teen` (`name`,`id`) VALUES ('wang','0') [ RunTime:0.0044s ]

[ 2016-07-31T00:04:44+08:00 ] 127.0.0.1 /study/index.php/Index/index.html
INFO: [ app_init ] --START--
INFO: Run Behavior\BuildLiteBehavior [ RunTime:0.000020s ]
INFO: [ app_init ] --END-- [ RunTime:0.000343s ]
INFO: [ app_begin ] --START--
INFO: Run Behavior\ReadHtmlCacheBehavior [ RunTime:0.000408s ]
INFO: [ app_begin ] --END-- [ RunTime:0.000497s ]
SQL: SHOW COLUMNS FROM `teen` [ RunTime:0.0104s ]
SQL: SELECT * FROM `teen`  [ RunTime:0.0002s ]
INFO: [ view_parse ] --START--
INFO: [ template_filter ] --START--
INFO: Run Behavior\ContentReplaceBehavior [ RunTime:0.000067s ]
INFO: [ template_filter ] --END-- [ RunTime:0.000183s ]
NOTIC: [8] Undefined index: age E:\wamp\www\study\Application\Runtime\Cache\Home\2a94b8bda04ff446dcedd42276fc99ee.php 第 63 行.
INFO: Run Behavior\ParseTemplateBehavior [ RunTime:0.009008s ]
INFO: [ view_parse ] --END-- [ RunTime:0.009135s ]
INFO: [ view_filter ] --START--
INFO: Run Behavior\WriteHtmlCacheBehavior [ RunTime:0.000413s ]
INFO: [ view_filter ] --END-- [ RunTime:0.000518s ]
INFO: [ app_end ] --START--
INFO: Run Behavior\ShowPageTraceBehavior [ RunTime:0.000541s ]
INFO: [ app_end ] --END-- [ RunTime:0.000625s ]

