[ 2016-07-27T12:01:41+08:00 ] ::1 /study/
INFO: [ app_init ] --START--
INFO: Run Behavior\BuildLiteBehavior [ RunTime:0.000022s ]
INFO: [ app_init ] --END-- [ RunTime:0.010405s ]
INFO: [ app_begin ] --START--
INFO: Run Behavior\ReadHtmlCacheBehavior [ RunTime:0.019568s ]
INFO: [ app_begin ] --END-- [ RunTime:0.019650s ]
NOTIC: [8] A session had already been started - ignoring session_start() D:\cong\mix\study\ThinkPHP\Common\functions.php 第 1263 行.
INFO: [ view_parse ] --START--
INFO: Run Behavior\ParseTemplateBehavior [ RunTime:0.006635s ]
INFO: [ view_parse ] --END-- [ RunTime:0.006714s ]
INFO: [ view_filter ] --START--
INFO: Run Behavior\WriteHtmlCacheBehavior [ RunTime:0.013684s ]
INFO: [ view_filter ] --END-- [ RunTime:0.013745s ]
INFO: [ app_end ] --START--
INFO: Run Behavior\ShowPageTraceBehavior [ RunTime:0.007828s ]
INFO: [ app_end ] --END-- [ RunTime:0.007912s ]

[ 2016-07-27T14:47:01+08:00 ] ::1 /study/index.php/
INFO: [ app_init ] --START--
INFO: Run Behavior\BuildLiteBehavior [ RunTime:0.000014s ]
INFO: [ app_init ] --END-- [ RunTime:0.000371s ]
INFO: [ app_begin ] --START--
INFO: Run Behavior\ReadHtmlCacheBehavior [ RunTime:0.000595s ]
INFO: [ app_begin ] --END-- [ RunTime:0.000649s ]
NOTIC: [8] A session had already been started - ignoring session_start() D:\cong\mix\study\ThinkPHP\Common\functions.php 第 1263 行.
INFO: [ view_parse ] --START--
INFO: Run Behavior\ParseTemplateBehavior [ RunTime:0.000539s ]
INFO: [ view_parse ] --END-- [ RunTime:0.000616s ]
INFO: [ view_filter ] --START--
INFO: Run Behavior\WriteHtmlCacheBehavior [ RunTime:0.000285s ]
INFO: [ view_filter ] --END-- [ RunTime:0.000321s ]
INFO: [ app_end ] --START--
INFO: Run Behavior\ShowPageTraceBehavior [ RunTime:0.000522s ]
INFO: [ app_end ] --END-- [ RunTime:0.000556s ]

[ 2016-07-27T14:47:05+08:00 ] ::1 /study/index.php/home
INFO: [ app_init ] --START--
INFO: Run Behavior\BuildLiteBehavior [ RunTime:0.000014s ]
INFO: [ app_init ] --END-- [ RunTime:0.000301s ]
INFO: [ app_begin ] --START--
INFO: Run Behavior\ReadHtmlCacheBehavior [ RunTime:0.000438s ]
INFO: [ app_begin ] --END-- [ RunTime:0.000477s ]
NOTIC: [8] A session had already been started - ignoring session_start() D:\cong\mix\study\ThinkPHP\Common\functions.php 第 1263 行.
INFO: [ view_parse ] --START--
INFO: Run Behavior\ParseTemplateBehavior [ RunTime:0.000150s ]
INFO: [ view_parse ] --END-- [ RunTime:0.000186s ]
INFO: [ view_filter ] --START--
INFO: Run Behavior\WriteHtmlCacheBehavior [ RunTime:0.000169s ]
INFO: [ view_filter ] --END-- [ RunTime:0.000199s ]
INFO: [ app_end ] --START--
INFO: Run Behavior\ShowPageTraceBehavior [ RunTime:0.000427s ]
INFO: [ app_end ] --END-- [ RunTime:0.000460s ]

[ 2016-07-27T14:47:26+08:00 ] ::1 /study/index.php/home/test
INFO: [ app_init ] --START--
INFO: Run Behavior\BuildLiteBehavior [ RunTime:0.000016s ]
INFO: [ app_init ] --END-- [ RunTime:0.000386s ]
INFO: [ app_begin ] --START--
INFO: Run Behavior\ReadHtmlCacheBehavior [ RunTime:0.000611s ]
INFO: [ app_begin ] --END-- [ RunTime:0.000660s ]
NOTIC: [8] A session had already been started - ignoring session_start() D:\cong\mix\study\ThinkPHP\Common\functions.php 第 1263 行.
ERR: 无法加载控制器:Test

[ 2016-07-27T14:47:42+08:00 ] ::1 /study/index.php/home/index
INFO: [ app_init ] --START--
INFO: Run Behavior\BuildLiteBehavior [ RunTime:0.000014s ]
INFO: [ app_init ] --END-- [ RunTime:0.000341s ]
INFO: [ app_begin ] --START--
INFO: Run Behavior\ReadHtmlCacheBehavior [ RunTime:0.000533s ]
INFO: [ app_begin ] --END-- [ RunTime:0.000571s ]
NOTIC: [8] A session had already been started - ignoring session_start() D:\cong\mix\study\ThinkPHP\Common\functions.php 第 1263 行.
INFO: [ view_parse ] --START--
INFO: Run Behavior\ParseTemplateBehavior [ RunTime:0.000247s ]
INFO: [ view_parse ] --END-- [ RunTime:0.000288s ]
INFO: [ view_filter ] --START--
INFO: Run Behavior\WriteHtmlCacheBehavior [ RunTime:0.000235s ]
INFO: [ view_filter ] --END-- [ RunTime:0.000267s ]
INFO: [ app_end ] --START--
INFO: Run Behavior\ShowPageTraceBehavior [ RunTime:0.000491s ]
INFO: [ app_end ] --END-- [ RunTime:0.000526s ]

[ 2016-07-27T14:47:42+08:00 ] ::1 /study/index.php/home/index
INFO: [ app_init ] --START--
INFO: Run Behavior\BuildLiteBehavior [ RunTime:0.000016s ]
INFO: [ app_init ] --END-- [ RunTime:0.000327s ]
INFO: [ app_begin ] --START--
INFO: Run Behavior\ReadHtmlCacheBehavior [ RunTime:0.000547s ]
INFO: [ app_begin ] --END-- [ RunTime:0.000615s ]
NOTIC: [8] A session had already been started - ignoring session_start() D:\cong\mix\study\ThinkPHP\Common\functions.php 第 1263 行.
INFO: [ view_parse ] --START--
INFO: Run Behavior\ParseTemplateBehavior [ RunTime:0.000163s ]
INFO: [ view_parse ] --END-- [ RunTime:0.000204s ]
INFO: [ view_filter ] --START--
INFO: Run Behavior\WriteHtmlCacheBehavior [ RunTime:0.000178s ]
INFO: [ view_filter ] --END-- [ RunTime:0.000211s ]
INFO: [ app_end ] --START--
INFO: Run Behavior\ShowPageTraceBehavior [ RunTime:0.000475s ]
INFO: [ app_end ] --END-- [ RunTime:0.000513s ]

[ 2016-07-27T14:47:51+08:00 ] ::1 /study/index.php/home/index/test
INFO: [ app_init ] --START--
INFO: Run Behavior\BuildLiteBehavior [ RunTime:0.000013s ]
INFO: [ app_init ] --END-- [ RunTime:0.000299s ]
INFO: [ app_begin ] --START--
INFO: Run Behavior\ReadHtmlCacheBehavior [ RunTime:0.000462s ]
INFO: [ app_begin ] --END-- [ RunTime:0.000500s ]
NOTIC: [8] A session had already been started - ignoring session_start() D:\cong\mix\study\ThinkPHP\Common\functions.php 第 1263 行.
ERR: 1146:Table 'eka-wx.test' doesn't exist
 [ SQL语句 ] : SHOW COLUMNS FROM `test`
ERR: 1146:Table 'eka-wx.test' doesn't exist
 [ SQL语句 ] : SHOW COLUMNS FROM `test`

[ 2016-07-27T14:50:11+08:00 ] ::1 /study/index.php/home/index/test
INFO: [ app_init ] --START--
INFO: Run Behavior\BuildLiteBehavior [ RunTime:0.000013s ]
INFO: [ app_init ] --END-- [ RunTime:0.000332s ]
INFO: [ app_begin ] --START--
INFO: Run Behavior\ReadHtmlCacheBehavior [ RunTime:0.000528s ]
INFO: [ app_begin ] --END-- [ RunTime:0.000567s ]
NOTIC: [8] A session had already been started - ignoring session_start() D:\cong\mix\study\ThinkPHP\Common\functions.php 第 1263 行.
ERR: SQLSTATE[HY000] [1045] Access denied for user 'root'@'localhost' (using password: NO)

[ 2016-07-27T14:53:28+08:00 ] ::1 /study/index.php/home/index/test
INFO: [ app_init ] --START--
INFO: Run Behavior\BuildLiteBehavior [ RunTime:0.000018s ]
INFO: [ app_init ] --END-- [ RunTime:0.000425s ]
INFO: [ app_begin ] --START--
INFO: Run Behavior\ReadHtmlCacheBehavior [ RunTime:0.000681s ]
INFO: [ app_begin ] --END-- [ RunTime:0.000731s ]
NOTIC: [8] A session had already been started - ignoring session_start() D:\cong\mix\study\ThinkPHP\Common\functions.php 第 1263 行.
ERR: 1146:Table 'test.test' doesn't exist
 [ SQL语句 ] : SHOW COLUMNS FROM `test`
ERR: 1146:Table 'test.test' doesn't exist
 [ SQL语句 ] : SHOW COLUMNS FROM `test`

[ 2016-07-27T14:55:16+08:00 ] ::1 /study/index.php/home/index/test
INFO: [ app_init ] --START--
INFO: Run Behavior\BuildLiteBehavior [ RunTime:0.000016s ]
INFO: [ app_init ] --END-- [ RunTime:0.000354s ]
INFO: [ app_begin ] --START--
INFO: Run Behavior\ReadHtmlCacheBehavior [ RunTime:0.000542s ]
INFO: [ app_begin ] --END-- [ RunTime:0.000581s ]
NOTIC: [8] A session had already been started - ignoring session_start() D:\cong\mix\study\ThinkPHP\Common\functions.php 第 1263 行.
SQL: SHOW COLUMNS FROM `teen` [ RunTime:0.0148s ]
NOTIC: [4096] Object of class Think\Model could not be converted to string D:\cong\mix\study\Application\Home\Controller\IndexController.class.php 第 10 行.
NOTIC: [8] Object of class Think\Model to string conversion D:\cong\mix\study\Application\Home\Controller\IndexController.class.php 第 10 行.

[ 2016-07-27T14:55:40+08:00 ] ::1 /study/index.php/home/index/test
INFO: [ app_init ] --START--
INFO: Run Behavior\BuildLiteBehavior [ RunTime:0.000023s ]
INFO: [ app_init ] --END-- [ RunTime:0.000666s ]
INFO: [ app_begin ] --START--
INFO: Run Behavior\ReadHtmlCacheBehavior [ RunTime:0.000677s ]
INFO: [ app_begin ] --END-- [ RunTime:0.000737s ]
NOTIC: [8] A session had already been started - ignoring session_start() D:\cong\mix\study\ThinkPHP\Common\functions.php 第 1263 行.
SQL: SHOW COLUMNS FROM `teen` [ RunTime:0.0282s ]
SQL: SELECT * FROM `teen`  [ RunTime:0.0004s ]
INFO: [ app_end ] --START--
INFO: Run Behavior\ShowPageTraceBehavior [ RunTime:0.001339s ]
INFO: [ app_end ] --END-- [ RunTime:0.001422s ]

[ 2016-07-27T14:56:17+08:00 ] ::1 /study/index.php/home/index/test
INFO: [ app_init ] --START--
INFO: Run Behavior\BuildLiteBehavior [ RunTime:0.000016s ]
INFO: [ app_init ] --END-- [ RunTime:0.000342s ]
INFO: [ app_begin ] --START--
INFO: Run Behavior\ReadHtmlCacheBehavior [ RunTime:0.000488s ]
INFO: [ app_begin ] --END-- [ RunTime:0.000532s ]
NOTIC: [8] A session had already been started - ignoring session_start() D:\cong\mix\study\ThinkPHP\Common\functions.php 第 1263 行.
SQL: SHOW COLUMNS FROM `teen` [ RunTime:0.0320s ]
SQL: SELECT * FROM `teen`  [ RunTime:0.0004s ]
INFO: [ app_end ] --START--
INFO: Run Behavior\ShowPageTraceBehavior [ RunTime:0.000768s ]
INFO: [ app_end ] --END-- [ RunTime:0.000811s ]

